   Using GLFW v3.3.2
   Using GLEW v2.1.0
OpenGL properties:
   Vendor  . . . :  NVIDIA Corporation
   Driver  . . . :  NVIDIA GeForce RTX 3070 Laptop GPU/PCIe/SSE2
   Version . . . :  4.6.0 NVIDIA 551.61 [4.6]
   No error  . . :  enabled
   GLSL  . . . . :  4.60 NVIDIA
   Extensions  . :  402
   Bindless  . . :  supported
   Max group sz  :  1024, 1024, 64
   Max group cnt :  2147483647, 65535, 65535
   Max anisotropy:  16.0
Texture (albedo): dusty-ground-gravel1-albedo.dds
Texture (normal): dusty-ground-gravel1-Normal-ogl.dds
Texture (height): [none]
Texture (roughness): dusty-ground-gravel1-Roughness.dds
Texture (metalness): [none]
Texture (albedo): reinforced-metal_albedo.dds
Texture (normal): reinforced-metal_normal-ogl.dds
Texture (height): [none]
Texture (roughness): reinforced-metal_roughness.dds
Texture (metalness): [none]
Texture (albedo): Reflexion.dds
Texture (normal): Wood_Table_N.dds
Texture (height): [none]
Texture (roughness): [none]
Texture (metalness): [none]
Texture (albedo): 12248_Bird_v1_diff.dds
Texture (normal): [none]
Texture (height): [none]
Texture (roughness): [none]
Texture (metalness): [none]
Texture (albedo): antique_veneer1_albedo.dds
Texture (normal): antique_veneer1_Normal-ogl.dds
Texture (height): [none]
Texture (roughness): antique_veneer1_Roughness.dds
Texture (metalness): [none]
Texture (albedo): wispy-grass-meadow_albedo.dds
Texture (normal): wispy-grass-meadow_normal-ogl.dds
Texture (height): [none]
Texture (roughness): wispy-grass-meadow_roughness.dds
Texture (metalness): wispy-grass-meadow_metallic.dds
Texture (albedo): plasticpattern1-albedo.dds
Texture (normal): plasticpattern1-normal2-ogl.dds
Texture (height): [none]
Texture (roughness): plasticpattern1-roughness2.dds
Texture (metalness): plasticpattern1-metalness.dds
Texture (albedo): yoga-mat-wavy-pattern1-albedo.dds
Texture (normal): yoga-mat-wavy-pattern1-Normal-ogl.dds
Texture (height): [none]
Texture (roughness): yoga-mat-wavy-pattern1-Roughness.dds
Texture (metalness): yoga-mat-wavy-pattern1-Metallic.dds
Texture (albedo): yoga-mat-wavy-pattern1-albedo.dds
Texture (normal): yoga-mat-wavy-pattern1-Normal-ogl.dds
Texture (height): [none]
Texture (roughness): yoga-mat-wavy-pattern1-Roughness.dds
Texture (metalness): yoga-mat-wavy-pattern1-Metallic.dds
Texture (albedo): yoga-mat-wavy-pattern1-albedo.dds
Texture (normal): yoga-mat-wavy-pattern1-Normal-ogl.dds
Texture (height): [none]
Texture (roughness): yoga-mat-wavy-pattern1-Roughness.dds
Texture (metalness): yoga-mat-wavy-pattern1-Metallic.dds
Texture (albedo): yoga-mat-wavy-pattern1-albedo.dds
Texture (normal): yoga-mat-wavy-pattern1-Normal-ogl.dds
Texture (height): [none]
Texture (roughness): yoga-mat-wavy-pattern1-Roughness.dds
Texture (metalness): yoga-mat-wavy-pattern1-Metallic.dds
Texture (albedo): yoga-mat-wavy-pattern1-albedo.dds
Texture (normal): yoga-mat-wavy-pattern1-Normal-ogl.dds
Texture (height): [none]
Texture (roughness): yoga-mat-wavy-pattern1-Roughness.dds
Texture (metalness): yoga-mat-wavy-pattern1-Metallic.dds
LOD: 1, v: 4, f: 2
LOD: 1, v: 1794, f: 608
LOD: 1, v: 54, f: 20
LOD: 1, v: 52490, f: 17504
LOD: 1, v: 2904, f: 968
LOD: 1, v: 151, f: 224
LOD: 1, v: 151, f: 224
LOD: 1, v: 151, f: 224
LOD: 1, v: 151, f: 224
LOD: 1, v: 151, f: 224
LOD: 1, v: 151, f: 224
LOD: 1, v: 151, f: 224
LOD: 1, v: 52494, f: 17504
[?] [Eng::Program::getParamLocation] Variable 'lightMatrix' not found
[?] [Eng::Program::getParamLocation] Variable 'mtlAlbedo' not found
[?] [Eng::Program::getParamLocation] Variable 'texture1' not found
[?] [Eng::Program::getParamLocation] Variable 'texture3' not found
[?] [Eng::Program::getParamLocation] Variable 'maxNodes' not found
[?] [Eng::Program::getParamLocation] Variable 'currentLight' not found
[?] [Eng::Program::getParamLocation] Variable 'normalMat' not found
[?] [Eng::Program::getParamLocation] Variable 'mtlEmission' not found
[?] [Eng::Program::getParamLocation] Variable 'mtlAlbedo' not found
[?] [Eng::Program::getParamLocation] Variable 'mtlRoughness' not found
[?] [Eng::Program::getParamLocation] Variable 'mtlOpacity' not found
[?] [Eng::Program::getParamLocation] Variable 'texture0' not found
[?] [Eng::Program::getParamLocation] Variable 'texture1' not found
[?] [Eng::Program::getParamLocation] Variable 'texture2' not found
[?] [Eng::Program::getParamLocation] Variable 'texture3' not found
   Context deinitialized
